<?xml version="1.0" encoding="UTF-8"?>
<testng-results ignored="0" total="1" passed="1" failed="0" skipped="0">
  <reporter-output>
    <line>
      <![CDATA[no of row:=10]]>
    </line>
    <line>
      <![CDATA[username and password are valid==dashboard-----http://webapp.qedgetech.com/dashboard.php]]>
    </line>
    <line>
      <![CDATA[Incorrect user ID or password-----dashboard ----http://webapp.qedgetech.com/login.php]]>
    </line>
    <line>
      <![CDATA[Incorrect user ID or password-----dashboard ----http://webapp.qedgetech.com/login.php]]>
    </line>
    <line>
      <![CDATA[Incorrect user ID or password-----dashboard ----http://webapp.qedgetech.com/login.php]]>
    </line>
    <line>
      <![CDATA[username and password are valid==dashboard-----http://webapp.qedgetech.com/dashboard.php]]>
    </line>
    <line>
      <![CDATA[Incorrect user ID or password-----dashboard ----http://webapp.qedgetech.com/login.php]]>
    </line>
    <line>
      <![CDATA[username and password are valid==dashboard-----http://webapp.qedgetech.com/dashboard.php]]>
    </line>
    <line>
      <![CDATA[Incorrect user ID or password-----dashboard ----http://webapp.qedgetech.com/login.php]]>
    </line>
    <line>
      <![CDATA[username and password are valid==dashboard-----http://webapp.qedgetech.com/dashboard.php]]>
    </line>
    <line>
      <![CDATA[username and password are valid==dashboard-----http://webapp.qedgetech.com/dashboard.php]]>
    </line>
  </reporter-output>
  <suite started-at="2024-01-24T13:08:35 IST" name="Default suite" finished-at="2024-01-24T13:09:18 IST" duration-ms="42536">
    <groups>
    </groups>
    <test started-at="2024-01-24T13:08:35 IST" name="Default test" finished-at="2024-01-24T13:09:18 IST" duration-ms="42536">
      <class name="driverfactory.AppTest">
        <test-method is-config="true" signature="setUp()[pri:0, instance:driverfactory.AppTest@5af3afd9]" started-at="2024-01-24T13:08:35 IST" name="setUp" finished-at="2024-01-24T13:08:39 IST" duration-ms="3102" status="PASS">
          <reporter-output>
          </reporter-output>
        </test-method> <!-- setUp -->
        <test-method signature="startTest()[pri:0, instance:driverfactory.AppTest@5af3afd9]" started-at="2024-01-24T13:08:39 IST" name="startTest" finished-at="2024-01-24T13:09:17 IST" duration-ms="38600" status="PASS">
          <reporter-output>
            <line>
              <![CDATA[no of row:=10]]>
            </line>
            <line>
              <![CDATA[username and password are valid==dashboard-----http://webapp.qedgetech.com/dashboard.php]]>
            </line>
            <line>
              <![CDATA[Incorrect user ID or password-----dashboard ----http://webapp.qedgetech.com/login.php]]>
            </line>
            <line>
              <![CDATA[Incorrect user ID or password-----dashboard ----http://webapp.qedgetech.com/login.php]]>
            </line>
            <line>
              <![CDATA[Incorrect user ID or password-----dashboard ----http://webapp.qedgetech.com/login.php]]>
            </line>
            <line>
              <![CDATA[username and password are valid==dashboard-----http://webapp.qedgetech.com/dashboard.php]]>
            </line>
            <line>
              <![CDATA[Incorrect user ID or password-----dashboard ----http://webapp.qedgetech.com/login.php]]>
            </line>
            <line>
              <![CDATA[username and password are valid==dashboard-----http://webapp.qedgetech.com/dashboard.php]]>
            </line>
            <line>
              <![CDATA[Incorrect user ID or password-----dashboard ----http://webapp.qedgetech.com/login.php]]>
            </line>
            <line>
              <![CDATA[username and password are valid==dashboard-----http://webapp.qedgetech.com/dashboard.php]]>
            </line>
            <line>
              <![CDATA[username and password are valid==dashboard-----http://webapp.qedgetech.com/dashboard.php]]>
            </line>
          </reporter-output>
        </test-method> <!-- startTest -->
        <test-method is-config="true" signature="tearDown()[pri:0, instance:driverfactory.AppTest@5af3afd9]" started-at="2024-01-24T13:09:17 IST" name="tearDown" finished-at="2024-01-24T13:09:18 IST" duration-ms="614" status="PASS">
          <reporter-output>
          </reporter-output>
        </test-method> <!-- tearDown -->
      </class> <!-- driverfactory.AppTest -->
    </test> <!-- Default test -->
  </suite> <!-- Default suite -->
</testng-results>
